# JRE version: OpenJDK Runtime Environment (7.0_79-b14) (build 1.7.0_79-b14)
# Java VM: OpenJDK Client VM (24.79-b02 mixed mode, sharing linux-x86 )
Heap
 def new generation   total 471872K, used 425288K [0x22800000, 0x42800000, 0x42800000)
  eden space 419456K,  93% used [0x22800000, 0x3a6c27e8, 0x3c1a0000)
  from space 52416K,  63% used [0x3c1a0000, 0x3e22fa98, 0x3f4d0000)
  to   space 52416K,   0% used [0x3f4d0000, 0x3f4d0000, 0x42800000)
 tenured generation   total 1048576K, used 836479K [0x42800000, 0x82800000, 0x82800000)
   the space 1048576K,  79% used [0x42800000, 0x758dfe68, 0x758e0000, 0x82800000)
 compacting perm gen  total 41472K, used 41463K [0x82800000, 0x85080000, 0x92800000)
   the space 41472K,  99% used [0x82800000, 0x8507dcd0, 0x8507de00, 0x85080000)
    ro space 10240K,  58% used [0x92800000, 0x92de1558, 0x92de1600, 0x93200000)
    rw space 12288K,  59% used [0x93200000, 0x939164e8, 0x93916600, 0x93e00000)
GC Heap History (10 events):
Event: 984.765 GC heap before
{Heap before GC invocations=314 (full 7):
 def new generation   total 471872K, used 456388K [0x22800000, 0x42800000, 0x42800000)
  eden space 419456K, 100% used [0x22800000, 0x3c1a0000, 0x3c1a0000)
  from space 52416K,  70% used [0x3f4d0000, 0x418e1148, 0x42800000)
  to   space 52416K,   0% used [0x3c1a0000, 0x3c1a0000, 0x3f4d0000)
 tenured generation   total 1048576K, used 763805K [0x42800000, 0x82800000, 0x82800000)
   the space 1048576K,  72% used [0x42800000, 0x711e7768, 0x711e7800, 0x82800000)
 compacting perm gen  total 41472K, used 41463K [0x82800000, 0x85080000, 0x92800000)
   the space 41472K,  99% used [0x82800000, 0x8507dcd0, 0x8507de00, 0x85080000)
    ro space 10240K,  58% used [0x92800000, 0x92de1558, 0x92de1600, 0x93200000)
    rw space 12288K,  59% used [0x93200000, 0x939164e8, 0x93916600, 0x93e00000)
Event: 984.826 GC heap after
Heap after GC invocations=315 (full 7):
 def new generation   total 471872K, used 39953K [0x22800000, 0x42800000, 0x42800000)
  eden space 419456K,   0% used [0x22800000, 0x22800000, 0x3c1a0000)
  from space 52416K,  76% used [0x3c1a0000, 0x3e8a44e0, 0x3f4d0000)
  to   space 52416K,   0% used [0x3f4d0000, 0x3f4d0000, 0x42800000)
 tenured generation   total 1048576K, used 797293K [0x42800000, 0x82800000, 0x82800000)
   the space 1048576K,  76% used [0x42800000, 0x7329b4a0, 0x7329b600, 0x82800000)
 compacting perm gen  total 41472K, used 41463K [0x82800000, 0x85080000, 0x92800000)
   the space 41472K,  99% used [0x82800000, 0x8507dcd0, 0x8507de00, 0x85080000)
    ro space 10240K,  58% used [0x92800000, 0x92de1558, 0x92de1600, 0x93200000)
    rw space 12288K,  59% used [0x93200000, 0x939164e8, 0x93916600, 0x93e00000)
}
Event: 986.249 GC heap before
{Heap before GC invocations=315 (full 7):
 def new generation   total 471872K, used 459409K [0x22800000, 0x42800000, 0x42800000)
  eden space 419456K, 100% used [0x22800000, 0x3c1a0000, 0x3c1a0000)
  from space 52416K,  76% used [0x3c1a0000, 0x3e8a44e0, 0x3f4d0000)
  to   space 52416K,   0% used [0x3f4d0000, 0x3f4d0000, 0x42800000)
 tenured generation   total 1048576K, used 797293K [0x42800000, 0x82800000, 0x82800000)
   the space 1048576K,  76% used [0x42800000, 0x7329b4a0, 0x7329b600, 0x82800000)
 compacting perm gen  total 41472K, used 41463K [0x82800000, 0x85080000, 0x92800000)
   the space 41472K,  99% used [0x82800000, 0x8507dcd0, 0x8507de00, 0x85080000)
    ro space 10240K,  58% used [0x92800000, 0x92de1558, 0x92de1600, 0x93200000)
    rw space 12288K,  59% used [0x93200000, 0x939164e8, 0x93916600, 0x93e00000)
Event: 986.366 GC heap after
Heap after GC invocations=316 (full 7):
 def new generation   total 471872K, used 1661K [0x22800000, 0x42800000, 0x42800000)
  eden space 419456K,   0% used [0x22800000, 0x22800000, 0x3c1a0000)
  from space 52416K,   3% used [0x3f4d0000, 0x3f66f5e8, 0x42800000)
  to   space 52416K,   0% used [0x3c1a0000, 0x3c1a0000, 0x3f4d0000)
 tenured generation   total 1048576K, used 836479K [0x42800000, 0x82800000, 0x82800000)
   the space 1048576K,  79% used [0x42800000, 0x758dfe68, 0x758e0000, 0x82800000)
 compacting perm gen  total 41472K, used 41463K [0x82800000, 0x85080000, 0x92800000)
   the space 41472K,  99% used [0x82800000, 0x8507dcd0, 0x8507de00, 0x85080000)
    ro space 10240K,  58% used [0x92800000, 0x92de1558, 0x92de1600, 0x93200000)
    rw space 12288K,  59% used [0x93200000, 0x939164e8, 0x93916600, 0x93e00000)
}
Event: 988.156 GC heap before
{Heap before GC invocations=316 (full 7):
 def new generation   total 471872K, used 421117K [0x22800000, 0x42800000, 0x42800000)
  eden space 419456K, 100% used [0x22800000, 0x3c1a0000, 0x3c1a0000)
  from space 52416K,   3% used [0x3f4d0000, 0x3f66f5e8, 0x42800000)
  to   space 52416K,   0% used [0x3c1a0000, 0x3c1a0000, 0x3f4d0000)
 tenured generation   total 1048576K, used 836479K [0x42800000, 0x82800000, 0x82800000)
   the space 1048576K,  79% used [0x42800000, 0x758dfe68, 0x758e0000, 0x82800000)
 compacting perm gen  total 41472K, used 41463K [0x82800000, 0x85080000, 0x92800000)
   the space 41472K,  99% used [0x82800000, 0x8507dcd0, 0x8507de00, 0x85080000)
    ro space 10240K,  58% used [0x92800000, 0x92de1558, 0x92de1600, 0x93200000)
    rw space 12288K,  59% used [0x93200000, 0x939164e8, 0x93916600, 0x93e00000)
Event: 988.165 GC heap after
Heap after GC invocations=317 (full 7):
 def new generation   total 471872K, used 2596K [0x22800000, 0x42800000, 0x42800000)
  eden space 419456K,   0% used [0x22800000, 0x22800000, 0x3c1a0000)
  from space 52416K,   4% used [0x3c1a0000, 0x3c429168, 0x3f4d0000)
  to   space 52416K,   0% used [0x3f4d0000, 0x3f4d0000, 0x42800000)
 tenured generation   total 1048576K, used 836479K [0x42800000, 0x82800000, 0x82800000)
   the space 1048576K,  79% used [0x42800000, 0x758dfe68, 0x758e0000, 0x82800000)
 compacting perm gen  total 41472K, used 41463K [0x82800000, 0x85080000, 0x92800000)
   the space 41472K,  99% used [0x82800000, 0x8507dcd0, 0x8507de00, 0x85080000)
    ro space 10240K,  58% used [0x92800000, 0x92de1558, 0x92de1600, 0x93200000)
    rw space 12288K,  59% used [0x93200000, 0x939164e8, 0x93916600, 0x93e00000)
}
Event: 989.782 GC heap before
{Heap before GC invocations=317 (full 7):
 def new generation   total 471872K, used 422052K [0x22800000, 0x42800000, 0x42800000)
  eden space 419456K, 100% used [0x22800000, 0x3c1a0000, 0x3c1a0000)
  from space 52416K,   4% used [0x3c1a0000, 0x3c429168, 0x3f4d0000)
  to   space 52416K,   0% used [0x3f4d0000, 0x3f4d0000, 0x42800000)
 tenured generation   total 1048576K, used 836479K [0x42800000, 0x82800000, 0x82800000)
   the space 1048576K,  79% used [0x42800000, 0x758dfe68, 0x758e0000, 0x82800000)
 compacting perm gen  total 41472K, used 41463K [0x82800000, 0x85080000, 0x92800000)
   the space 41472K,  99% used [0x82800000, 0x8507dcd0, 0x8507de00, 0x85080000)
    ro space 10240K,  58% used [0x92800000, 0x92de1558, 0x92de1600, 0x93200000)
    rw space 12288K,  59% used [0x93200000, 0x939164e8, 0x93916600, 0x93e00000)
Event: 989.786 GC heap after
Heap after GC invocations=318 (full 7):
 def new generation   total 471872K, used 884K [0x22800000, 0x42800000, 0x42800000)
  eden space 419456K,   0% used [0x22800000, 0x22800000, 0x3c1a0000)
  from space 52416K,   1% used [0x3f4d0000, 0x3f5ad0e0, 0x42800000)
  to   space 52416K,   0% used [0x3c1a0000, 0x3c1a0000, 0x3f4d0000)
 tenured generation   total 1048576K, used 836479K [0x42800000, 0x82800000, 0x82800000)
   the space 1048576K,  79% used [0x42800000, 0x758dfe68, 0x758e0000, 0x82800000)
 compacting perm gen  total 41472K, used 41463K [0x82800000, 0x85080000, 0x92800000)
   the space 41472K,  99% used [0x82800000, 0x8507dcd0, 0x8507de00, 0x85080000)
    ro space 10240K,  58% used [0x92800000, 0x92de1558, 0x92de1600, 0x93200000)
    rw space 12288K,  59% used [0x93200000, 0x939164e8, 0x93916600, 0x93e00000)
}
Event: 991.570 GC heap before
{Heap before GC invocations=318 (full 7):
 def new generation   total 471872K, used 420340K [0x22800000, 0x42800000, 0x42800000)
  eden space 419456K, 100% used [0x22800000, 0x3c1a0000, 0x3c1a0000)
  from space 52416K,   1% used [0x3f4d0000, 0x3f5ad0e0, 0x42800000)
  to   space 52416K,   0% used [0x3c1a0000, 0x3c1a0000, 0x3f4d0000)
 tenured generation   total 1048576K, used 836479K [0x42800000, 0x82800000, 0x82800000)
   the space 1048576K,  79% used [0x42800000, 0x758dfe68, 0x758e0000, 0x82800000)
 compacting perm gen  total 41472K, used 41463K [0x82800000, 0x85080000, 0x92800000)
   the space 41472K,  99% used [0x82800000, 0x8507dcd0, 0x8507de00, 0x85080000)
    ro space 10240K,  58% used [0x92800000, 0x92de1558, 0x92de1600, 0x93200000)
    rw space 12288K,  59% used [0x93200000, 0x939164e8, 0x93916600, 0x93e00000)
Event: 991.578 GC heap after
Heap after GC invocations=319 (full 7):
 def new generation   total 471872K, used 33342K [0x22800000, 0x42800000, 0x42800000)
  eden space 419456K,   0% used [0x22800000, 0x22800000, 0x3c1a0000)
  from space 52416K,  63% used [0x3c1a0000, 0x3e22fa98, 0x3f4d0000)
  to   space 52416K,   0% used [0x3f4d0000, 0x3f4d0000, 0x42800000)
 tenured generation   total 1048576K, used 836479K [0x42800000, 0x82800000, 0x82800000)
   the space 1048576K,  79% used [0x42800000, 0x758dfe68, 0x758e0000, 0x82800000)
 compacting perm gen  total 41472K, used 41463K [0x82800000, 0x85080000, 0x92800000)
   the space 41472K,  99% used [0x82800000, 0x8507dcd0, 0x8507de00, 0x85080000)
    ro space 10240K,  58% used [0x92800000, 0x92de1558, 0x92de1600, 0x93200000)
    rw space 12288K,  59% used [0x93200000, 0x939164e8, 0x93916600, 0x93e00000)
}

